<?xml version="1.0" encoding="UTF-8"?>
<!-- Generated by org.testng.reporters.JUnitXMLReporter -->
<testsuite hostname="DESKTOP-DH6VK0C" ignored="0" name="Default test" tests="3" failures="0" timestamp="2020-09-09T18:14:15 IST" time="78.18" errors="0">
  <testcase name="validateCreateNewContact" time="5.747" classname="com.crm.qa.testcases.ContactsPageTest"/>
  <testcase name="validateCreateNewContact" time="7.79" classname="com.crm.qa.testcases.ContactsPageTest"/>
  <testcase name="validateCreateNewContact" time="15.231" classname="com.crm.qa.testcases.ContactsPageTest"/>
</testsuite> <!-- Default test -->
